<?xml version="1.0" encoding="UTF-8"?>
<!-- Generated by org.testng.reporters.JUnitReportReporter -->
<testsuite hostname="NODE266" name="com.ud.testclasses.UdTest" tests="2" failures="0" timestamp="10 Nov 2014 11:26:46 GMT" time="0.010" errors="0">
  <testcase name="test" time="0.010" classname="com.ud.testclasses.UdTest"/>
  <testcase name="test4" time="0.000" classname="com.ud.testclasses.UdTest"/>
</testsuite> <!-- com.ud.testclasses.UdTest -->
