<?xml version="1.0" encoding="UTF-8"?>
<!-- Generated by org.testng.reporters.JUnitReportReporter -->
<testsuite hostname="NODE266" name="com.ud.testclasses.UdTest22" tests="1" failures="0" timestamp="10 Nov 2014 11:26:46 GMT" time="0.000" errors="0">
  <testcase name="test22" time="0.000" classname="com.ud.testclasses.UdTest22"/>
</testsuite> <!-- com.ud.testclasses.UdTest22 -->
